
Circuit 1 cell sky130_fd_pr__pfet_g5v0d10v5 and Circuit 2 cell sky130_fd_pr__pfet_g5v0d10v5 are black boxes.
Warning: Equate pins:  cell sky130_fd_pr__pfet_g5v0d10v5 is a placeholder, treated as a black box.
Warning: Equate pins:  cell sky130_fd_pr__pfet_g5v0d10v5 is a placeholder, treated as a black box.

Subcircuit pins:
Circuit 1: sky130_fd_pr__pfet_g5v0d10v5    |Circuit 2: sky130_fd_pr__pfet_g5v0d10v5    
-------------------------------------------|-------------------------------------------
1                                          |1                                          
2                                          |2                                          
3                                          |3                                          
4                                          |4                                          
---------------------------------------------------------------------------------------
Cell pin lists are equivalent.
Device classes sky130_fd_pr__pfet_g5v0d10v5 and sky130_fd_pr__pfet_g5v0d10v5 are equivalent.

Circuit 1 cell sky130_fd_pr__nfet_g5v0d10v5 and Circuit 2 cell sky130_fd_pr__nfet_g5v0d10v5 are black boxes.
Warning: Equate pins:  cell sky130_fd_pr__nfet_g5v0d10v5 is a placeholder, treated as a black box.
Warning: Equate pins:  cell sky130_fd_pr__nfet_g5v0d10v5 is a placeholder, treated as a black box.

Subcircuit pins:
Circuit 1: sky130_fd_pr__nfet_g5v0d10v5    |Circuit 2: sky130_fd_pr__nfet_g5v0d10v5    
-------------------------------------------|-------------------------------------------
1                                          |1                                          
2                                          |2                                          
3                                          |3                                          
4                                          |4                                          
---------------------------------------------------------------------------------------
Cell pin lists are equivalent.
Device classes sky130_fd_pr__nfet_g5v0d10v5 and sky130_fd_pr__nfet_g5v0d10v5 are equivalent.

Circuit 1 cell sky130_fd_pr__pfet_01v8 and Circuit 2 cell sky130_fd_pr__pfet_01v8 are black boxes.
Warning: Equate pins:  cell sky130_fd_pr__pfet_01v8 is a placeholder, treated as a black box.
Warning: Equate pins:  cell sky130_fd_pr__pfet_01v8 is a placeholder, treated as a black box.

Subcircuit pins:
Circuit 1: sky130_fd_pr__pfet_01v8         |Circuit 2: sky130_fd_pr__pfet_01v8         
-------------------------------------------|-------------------------------------------
1                                          |1                                          
2                                          |2                                          
3                                          |3                                          
4                                          |4                                          
---------------------------------------------------------------------------------------
Cell pin lists are equivalent.
Device classes sky130_fd_pr__pfet_01v8 and sky130_fd_pr__pfet_01v8 are equivalent.

Circuit 1 cell sky130_fd_pr__nfet_01v8 and Circuit 2 cell sky130_fd_pr__nfet_01v8 are black boxes.
Warning: Equate pins:  cell sky130_fd_pr__nfet_01v8 is a placeholder, treated as a black box.
Warning: Equate pins:  cell sky130_fd_pr__nfet_01v8 is a placeholder, treated as a black box.

Subcircuit pins:
Circuit 1: sky130_fd_pr__nfet_01v8         |Circuit 2: sky130_fd_pr__nfet_01v8         
-------------------------------------------|-------------------------------------------
1                                          |1                                          
2                                          |2                                          
3                                          |3                                          
4                                          |4                                          
---------------------------------------------------------------------------------------
Cell pin lists are equivalent.
Device classes sky130_fd_pr__nfet_01v8 and sky130_fd_pr__nfet_01v8 are equivalent.

Circuit 1 cell sky130_fd_pr__res_xhigh_po_0p35 and Circuit 2 cell sky130_fd_pr__res_xhigh_po_0p35 are black boxes.
Warning: Equate pins:  cell sky130_fd_pr__res_xhigh_po_0p35 is a placeholder, treated as a black box.
Warning: Equate pins:  cell sky130_fd_pr__res_xhigh_po_0p35 is a placeholder, treated as a black box.

Subcircuit pins:
Circuit 1: sky130_fd_pr__res_xhigh_po_0p35 |Circuit 2: sky130_fd_pr__res_xhigh_po_0p35 
-------------------------------------------|-------------------------------------------
1                                          |1                                          
2                                          |2                                          
3                                          |3                                          
---------------------------------------------------------------------------------------
Cell pin lists are equivalent.
Device classes sky130_fd_pr__res_xhigh_po_0p35 and sky130_fd_pr__res_xhigh_po_0p35 are equivalent.
Flattening unmatched subcell sky130_fd_pr__pfet_g5v0d10v5_6ELFTH in circuit level_shifter (0)(4 instances)
Flattening unmatched subcell sky130_fd_pr__nfet_g5v0d10v5_6XHUDR in circuit level_shifter (0)(2 instances)
Flattening unmatched subcell sky130_fd_pr__pfet_01v8_LGS3BL in circuit level_shifter (0)(1 instance)
Flattening unmatched subcell sky130_fd_pr__nfet_01v8_64Z3AY in circuit level_shifter (0)(1 instance)

Subcircuit summary:
Circuit 1: level_shifter                   |Circuit 2: level_shifter                   
-------------------------------------------|-------------------------------------------
sky130_fd_pr__pfet_g5v0d10v5 (4)           |sky130_fd_pr__pfet_g5v0d10v5 (4)           
sky130_fd_pr__nfet_g5v0d10v5 (2)           |sky130_fd_pr__nfet_g5v0d10v5 (2)           
sky130_fd_pr__pfet_01v8 (1)                |sky130_fd_pr__pfet_01v8 (1)                
sky130_fd_pr__nfet_01v8 (1)                |sky130_fd_pr__nfet_01v8 (1)                
Number of devices: 8                       |Number of devices: 8                       
Number of nets: 10                         |Number of nets: 10                         
---------------------------------------------------------------------------------------
Netlists match uniquely.

Subcircuit pins:
Circuit 1: level_shifter                   |Circuit 2: level_shifter                   
-------------------------------------------|-------------------------------------------
inb_l                                      |inb_l                                      
in_l                                       |in_l                                       
dvdd                                       |dvdd                                       
dvss                                       |dvss                                       
avdd                                       |avdd                                       
out_h                                      |out_h                                      
outb_h                                     |outb_h                                     
avss                                       |avss                                       
---------------------------------------------------------------------------------------
Cell pin lists are equivalent.
Device classes level_shifter and level_shifter are equivalent.
Flattening unmatched subcell sky130_fd_pr__nfet_g5v0d10v5_6XHUDR in circuit sky130_ef_ip__xtal_osc_16M (0)(13 instances)
Flattening unmatched subcell sky130_fd_pr__pfet_g5v0d10v5_6ELFTH in circuit sky130_ef_ip__xtal_osc_16M (0)(8 instances)
Flattening unmatched subcell sky130_fd_pr__res_xhigh_po_0p35_CWLS5Y in circuit sky130_ef_ip__xtal_osc_16M (0)(1 instance)
Flattening unmatched subcell sky130_fd_pr__res_xhigh_po_0p35_7RFGLT in circuit sky130_ef_ip__xtal_osc_16M (0)(1 instance)
Flattening unmatched subcell sky130_fd_pr__res_xhigh_po_0p35_4FEQLC in circuit sky130_ef_ip__xtal_osc_16M (0)(1 instance)
Flattening unmatched subcell sky130_fd_pr__res_xhigh_po_0p35_KNBXRF in circuit sky130_ef_ip__xtal_osc_16M (0)(1 instance)
Flattening unmatched subcell sky130_fd_pr__res_xhigh_po_0p35_ENTFM9 in circuit sky130_ef_ip__xtal_osc_16M (0)(1 instance)
Flattening unmatched subcell sky130_fd_pr__nfet_01v8_L9WNCD in circuit sky130_ef_ip__xtal_osc_16M (0)(1 instance)
Flattening unmatched subcell sky130_fd_pr__diode_pd2nw_05v5_K4SERG in circuit sky130_ef_ip__xtal_osc_16M (0)(1 instance)
Flattening unmatched subcell sky130_fd_pr__diode_pw2nd_05v5_FT76RJ in circuit sky130_ef_ip__xtal_osc_16M (0)(1 instance)
Flattening unmatched subcell sky130_fd_pr__pfet_01v8_LGS3BL in circuit sky130_ef_ip__xtal_osc_16M (0)(1 instance)

Class sky130_ef_ip__xtal_osc_16M (0):  Merged 34 series devices.
Subcircuit summary:
Circuit 1: sky130_ef_ip__xtal_osc_16M      |Circuit 2: sky130_ef_ip__xtal_osc_16M      
-------------------------------------------|-------------------------------------------
sky130_fd_pr__nfet_g5v0d10v5 (13)          |sky130_fd_pr__nfet_g5v0d10v5 (13)          
sky130_fd_pr__pfet_g5v0d10v5 (8)           |sky130_fd_pr__pfet_g5v0d10v5 (8)           
sky130_fd_pr__res_xhigh_po_0p35 (39->5)    |sky130_fd_pr__res_xhigh_po_0p35 (5)        
level_shifter (2)                          |level_shifter (2)                          
sky130_fd_pr__nfet_01v8 (1)                |sky130_fd_pr__nfet_01v8 (1)                
sky130_fd_pr__diode_pd2nw_05v5 (1)         |sky130_fd_pr__diode_pd2nw_05v5 (1)         
sky130_fd_pr__diode_pw2nd_05v5 (1)         |sky130_fd_pr__diode_pw2nd_05v5 (1)         
sky130_fd_pr__pfet_01v8 (1)                |sky130_fd_pr__pfet_01v8 (1)                
Number of devices: 32                      |Number of devices: 32                      
Number of nets: 27                         |Number of nets: 27                         
---------------------------------------------------------------------------------------
Netlists match uniquely.

Subcircuit pins:
Circuit 1: sky130_ef_ip__xtal_osc_16M      |Circuit 2: sky130_ef_ip__xtal_osc_16M      
-------------------------------------------|-------------------------------------------
out                                        |out                                        
ena                                        |ena                                        
stdby                                      |stdby                                      
avdd                                       |avdd                                       
dvdd                                       |dvdd                                       
dout                                       |dout                                       
in                                         |in                                         
dvss                                       |dvss                                       
avss                                       |avss                                       
---------------------------------------------------------------------------------------
Cell pin lists are equivalent.
Device classes sky130_ef_ip__xtal_osc_16M and sky130_ef_ip__xtal_osc_16M are equivalent.

Final result: Circuits match uniquely.
.
